[ERROR] [2025-07-21 20:53:28] [database:32] [DatabaseService.__init__()] Error loading config: 'str' object has no attribute 'get'
[ERROR] [2025-07-21 20:53:28] [database:32] [DatabaseService.__init__()] Error loading config: 'str' object has no attribute 'get'
[ERROR] [2025-07-21 20:54:44] [database:32] [DatabaseService.__init__()] Error loading config: 'str' object has no attribute 'get'
[ERROR] [2025-07-21 20:54:44] [database:32] [DatabaseService.__init__()] Error loading config: 'str' object has no attribute 'get'
[ERROR] [2025-07-21 20:55:26] [database:32] [DatabaseService.__init__()] Error loading config: 'str' object has no attribute 'get'
[ERROR] [2025-07-21 20:55:26] [database:32] [DatabaseService.__init__()] Error loading config: 'str' object has no attribute 'get'
[INFO] [2025-07-21 20:55:41] [database:34] [DatabaseService.__init__()] Using database URL: sqlite:///obsidian.db
[INFO] [2025-07-21 20:55:41] [database:42] [DatabaseService.__init__()] Engine created
[INFO] [2025-07-21 20:55:41] [database:51] [DatabaseService.__init__()] Session created
[INFO] [2025-07-21 20:55:41] [database:34] [DatabaseService.__init__()] Using database URL: sqlite:///obsidian.db
[INFO] [2025-07-21 20:55:41] [database:42] [DatabaseService.__init__()] Engine created
[INFO] [2025-07-21 20:55:41] [database:51] [DatabaseService.__init__()] Session created
[INFO] [2025-07-21 20:55:49] [database:34] [DatabaseService.__init__()] Using database URL: sqlite:///obsidian.db
[INFO] [2025-07-21 20:55:49] [database:42] [DatabaseService.__init__()] Engine created
[INFO] [2025-07-21 20:55:49] [database:51] [DatabaseService.__init__()] Session created
[INFO] [2025-07-21 20:55:49] [database:34] [DatabaseService.__init__()] Using database URL: sqlite:///obsidian.db
[INFO] [2025-07-21 20:55:49] [database:42] [DatabaseService.__init__()] Engine created
[INFO] [2025-07-21 20:55:49] [database:51] [DatabaseService.__init__()] Session created
[INFO] [2025-07-21 20:55:58] [database:33] [DatabaseService.__init__()] Config loaded
[ERROR] [2025-07-21 20:55:58] [database:38] [DatabaseService.__init__()] Error loading config: string indices must be integers
[INFO] [2025-07-21 20:55:58] [database:33] [DatabaseService.__init__()] Config loaded
[ERROR] [2025-07-21 20:55:58] [database:38] [DatabaseService.__init__()] Error loading config: string indices must be integers
[INFO] [2025-07-21 20:56:30] [database:33] [DatabaseService.__init__()] Config loaded
[ERROR] [2025-07-21 20:56:30] [database:38] [DatabaseService.__init__()] Error loading config: string indices must be integers
[INFO] [2025-07-21 20:56:30] [database:33] [DatabaseService.__init__()] Config loaded
[ERROR] [2025-07-21 20:56:30] [database:38] [DatabaseService.__init__()] Error loading config: string indices must be integers
[INFO] [2025-07-21 20:57:19] [database:33] [DatabaseService.__init__()] Engine created
[INFO] [2025-07-21 20:57:19] [database:42] [DatabaseService.__init__()] Session created
[INFO] [2025-07-21 20:57:19] [database:33] [DatabaseService.__init__()] Engine created
[INFO] [2025-07-21 20:57:19] [database:42] [DatabaseService.__init__()] Session created
[INFO] [2025-07-21 20:58:45] [main:20] Initializing database. . . 
[INFO] [2025-07-21 20:58:45] [database:33] [DatabaseService.__init__()] Engine created
[INFO] [2025-07-21 20:58:45] [database:42] [DatabaseService.__init__()] Session created
[INFO] [2025-07-21 20:58:45] [main:26] Database initialized.
[INFO] [2025-07-21 20:58:45] [main:29] Initializing vault manager . . .
[INFO] [2025-07-21 20:58:45] [database:33] [DatabaseService.__init__()] Engine created
[INFO] [2025-07-21 20:58:45] [database:42] [DatabaseService.__init__()] Session created
[INFO] [2025-07-21 20:58:45] [main:36] Vault manager initialized.
[INFO] [2025-07-21 21:02:13] [main:20] Initializing database. . . 
[INFO] [2025-07-21 21:02:13] [database:33] [DatabaseService.__init__()] Engine created
[INFO] [2025-07-21 21:02:13] [database:42] [DatabaseService.__init__()] Session created
[INFO] [2025-07-21 21:02:13] [main:26] Database initialized.
[INFO] [2025-07-21 21:02:13] [main:29] Initializing vault manager . . .
[ERROR] [2025-07-21 21:02:13] [vault:19] Invalid vault path: vault
[INFO] [2025-07-21 21:02:13] [main:36] Vault manager initialized.
[INFO] [2025-07-21 21:02:17] [main:20] Initializing database. . . 
[INFO] [2025-07-21 21:02:17] [database:33] [DatabaseService.__init__()] Engine created
[INFO] [2025-07-21 21:02:17] [database:42] [DatabaseService.__init__()] Session created
[INFO] [2025-07-21 21:02:17] [main:26] Database initialized.
[INFO] [2025-07-21 21:02:17] [main:29] Initializing vault manager . . .
[ERROR] [2025-07-21 21:02:17] [vault:19] Invalid vault path: vault
[INFO] [2025-07-21 21:02:17] [main:36] Vault manager initialized.
[INFO] [2025-07-21 21:02:48] [main:20] Initializing database. . . 
[INFO] [2025-07-21 21:02:48] [database:33] [DatabaseService.__init__()] Engine created
[INFO] [2025-07-21 21:02:48] [database:42] [DatabaseService.__init__()] Session created
[INFO] [2025-07-21 21:02:48] [main:26] Database initialized.
[INFO] [2025-07-21 21:02:48] [main:29] Initializing vault manager . . .
[ERROR] [2025-07-21 21:02:48] [vault:19] [VaultManager.__init__()] Invalid vault path: vault
[INFO] [2025-07-21 21:02:48] [main:36] Vault manager initialized.
[INFO] [2025-07-21 21:04:44] [main:20] Initializing database. . . 
[INFO] [2025-07-21 21:04:44] [database:33] [DatabaseService.__init__()] Engine created
[INFO] [2025-07-21 21:04:44] [database:42] [DatabaseService.__init__()] Session created
[INFO] [2025-07-21 21:04:44] [main:26] Database initialized.
[INFO] [2025-07-21 21:04:44] [main:29] Initializing vault manager . . .
[INFO] [2025-07-21 21:04:44] [vault:21] [VaultManager.__init__()] initialized VaultManager for path `./vaults/b/b`
[INFO] [2025-07-21 21:04:44] [database:33] [DatabaseService.__init__()] Engine created
[INFO] [2025-07-21 21:04:44] [database:42] [DatabaseService.__init__()] Session created
[INFO] [2025-07-21 21:04:44] [vault:32] [VaultManager.__init__()] < [DatabaseService()] Database initialized for VaultManager
[INFO] [2025-07-21 21:04:44] [main:36] Vault manager initialized.
[INFO] [2025-07-21 21:05:16] [main:20] Initializing database. . . 
[INFO] [2025-07-21 21:05:16] [database:33] [DatabaseService.__init__()] Engine created
[INFO] [2025-07-21 21:05:16] [database:42] [DatabaseService.__init__()] Session created
[INFO] [2025-07-21 21:05:16] [main:26] Database initialized.
[INFO] [2025-07-21 21:05:16] [main:29] Initializing vault manager . . .
[INFO] [2025-07-21 21:05:16] [vault:21] [VaultManager.__init__()] initialized VaultManager for path `./vaults/b/b`
[INFO] [2025-07-21 21:05:16] [database:33] [DatabaseService.__init__()] Engine created
[INFO] [2025-07-21 21:05:16] [database:42] [DatabaseService.__init__()] Session created
[INFO] [2025-07-21 21:05:16] [vault:32] [VaultManager.__init__()] < [DatabaseService()] Database initialized for VaultManager
[INFO] [2025-07-21 21:05:16] [vault:47] [VaultManager.scan_vault()] Processed 1 files
[INFO] [2025-07-21 21:05:16] [main:36] Vault manager initialized.
[INFO] [2025-07-21 21:16:17] [main:20] Initializing database. . . 
[INFO] [2025-07-21 21:16:17] [database:33] [DatabaseService.__init__()] Engine created
[INFO] [2025-07-21 21:16:17] [database:42] [DatabaseService.__init__()] Session created
[INFO] [2025-07-21 21:16:17] [main:26] Database initialized.
[INFO] [2025-07-21 21:16:17] [main:29] Initializing vault manager . . .
[INFO] [2025-07-21 21:16:17] [vault:21] [VaultManager.__init__()] initialized VaultManager for path `./vaults/b/b`
[INFO] [2025-07-21 21:16:17] [database:33] [DatabaseService.__init__()] Engine created
[INFO] [2025-07-21 21:16:17] [database:42] [DatabaseService.__init__()] Session created
[INFO] [2025-07-21 21:16:17] [vault:32] [VaultManager.__init__()] < [DatabaseService()] Database initialized for VaultManager
[DEBUG] [2025-07-21 21:16:17] [vault:47] [VaultManager.scan_vault()] processed file: 1, vaults/b/b/(fleeting thought) persistência da alma.md
[INFO] [2025-07-21 21:16:17] [vault:49] [VaultManager.scan_vault()] Processed 1 files
[INFO] [2025-07-21 21:16:17] [main:36] Vault manager initialized.
[INFO] [2025-07-21 21:16:39] [main:20] Initializing database. . . 
[INFO] [2025-07-21 21:16:39] [database:33] [DatabaseService.__init__()] Engine created
[INFO] [2025-07-21 21:16:39] [database:42] [DatabaseService.__init__()] Session created
[INFO] [2025-07-21 21:16:39] [main:26] Database initialized.
[INFO] [2025-07-21 21:16:39] [main:29] Initializing vault manager . . .
[INFO] [2025-07-21 21:16:39] [vault:21] [VaultManager.__init__()] initialized VaultManager for path `./vaults/b/b`
[INFO] [2025-07-21 21:16:39] [database:33] [DatabaseService.__init__()] Engine created
[INFO] [2025-07-21 21:16:39] [database:42] [DatabaseService.__init__()] Session created
[INFO] [2025-07-21 21:16:39] [vault:32] [VaultManager.__init__()] < [DatabaseService()] Database initialized for VaultManager
[DEBUG] [2025-07-21 21:16:39] [vault:47] [VaultManager.scan_vault()] processed file: 1, vaults/b/b/(fleeting thought) persistência da alma.md
[INFO] [2025-07-21 21:16:39] [vault:49] [VaultManager.scan_vault()] Processed 1 files
[INFO] [2025-07-21 21:16:39] [main:36] Vault manager initialized.
[INFO] [2025-07-21 21:18:26] [main:20] Initializing database. . . 
[INFO] [2025-07-21 21:18:26] [database:33] [DatabaseService.__init__()] Engine created
[INFO] [2025-07-21 21:18:26] [database:42] [DatabaseService.__init__()] Session created
[INFO] [2025-07-21 21:18:26] [main:26] Database initialized.
[INFO] [2025-07-21 21:18:26] [main:29] Initializing vault manager . . .
[INFO] [2025-07-21 21:18:26] [vault:21] [VaultManager.__init__()] initialized VaultManager for path `./vaults/b/b`
[INFO] [2025-07-21 21:18:26] [database:33] [DatabaseService.__init__()] Engine created
[INFO] [2025-07-21 21:18:26] [database:42] [DatabaseService.__init__()] Session created
[INFO] [2025-07-21 21:18:26] [vault:32] [VaultManager.__init__()] < [DatabaseService()] Database initialized for VaultManager
[DEBUG] [2025-07-21 21:18:26] [vault:47] [VaultManager.scan_vault()] processed file: 1, "vaults/b/b/(fleeting thought) persistência da alma.md"
[INFO] [2025-07-21 21:18:26] [vault:49] [VaultManager.scan_vault()] Processed 1 files
[INFO] [2025-07-21 21:18:26] [main:36] Vault manager initialized.
